<?xml version="1.0" encoding="UTF-8"?>
<testng-results ignored="0" total="4" passed="4" failed="0" skipped="0">
  <reporter-output>
  </reporter-output>
  <suite started-at="2026-04-19T13:47:46 IST" name="Suite" finished-at="2026-04-19T13:47:59 IST" duration-ms="12870">
    <groups>
    </groups>
    <test started-at="2026-04-19T13:47:46 IST" name="Test" finished-at="2026-04-19T13:47:59 IST" duration-ms="12870">
      <class name="api.TestCases.UserTestCase2">
        <test-method is-config="true" signature="UserTest()[pri:0, instance:api.TestCases.UserTestCase2@6200f9cb]" started-at="2026-04-19T13:47:46 IST" name="UserTest" finished-at="2026-04-19T13:47:47 IST" duration-ms="637" status="PASS">
          <reporter-output>
          </reporter-output>
        </test-method> <!-- UserTest -->
        <test-method signature="testCreateUser()[pri:1, instance:api.TestCases.UserTestCase2@6200f9cb]" started-at="2026-04-19T13:47:47 IST" name="testCreateUser" finished-at="2026-04-19T13:47:51 IST" duration-ms="4285" status="PASS">
          <reporter-output>
          </reporter-output>
        </test-method> <!-- testCreateUser -->
        <test-method signature="testGetUser()[pri:2, instance:api.TestCases.UserTestCase2@6200f9cb]" started-at="2026-04-19T13:47:51 IST" name="testGetUser" finished-at="2026-04-19T13:47:53 IST" duration-ms="1933" status="PASS">
          <reporter-output>
          </reporter-output>
        </test-method> <!-- testGetUser -->
        <test-method signature="testPutUser()[pri:3, instance:api.TestCases.UserTestCase2@6200f9cb]" started-at="2026-04-19T13:47:53 IST" name="testPutUser" finished-at="2026-04-19T13:47:57 IST" duration-ms="3892" status="PASS">
          <reporter-output>
          </reporter-output>
        </test-method> <!-- testPutUser -->
        <test-method signature="testDeleteUser()[pri:4, instance:api.TestCases.UserTestCase2@6200f9cb]" started-at="2026-04-19T13:47:57 IST" name="testDeleteUser" finished-at="2026-04-19T13:47:59 IST" duration-ms="1851" status="PASS">
          <reporter-output>
          </reporter-output>
        </test-method> <!-- testDeleteUser -->
      </class> <!-- api.TestCases.UserTestCase2 -->
    </test> <!-- Test -->
  </suite> <!-- Suite -->
</testng-results>
