<?xml version="1.0" encoding="UTF-8"?>
<!-- Generated by org.testng.reporters.JUnitReportReporter -->
<testsuite hostname="DESKTOP-TF154N8" failures="0" tests="4" name="api.TestCases.UserTestCase" time="11.739" errors="0" timestamp="2026-04-19T12:04:35 IST" skipped="0">
  <testcase classname="api.TestCases.UserTestCase" name="testCreateUser" time="3.676"/>
  <testcase classname="api.TestCases.UserTestCase" name="testGetUser" time="1.812"/>
  <testcase classname="api.TestCases.UserTestCase" name="testPutUser" time="4.464"/>
  <testcase classname="api.TestCases.UserTestCase" name="testDeleteUser" time="1.787"/>
</testsuite> <!-- api.TestCases.UserTestCase -->
