<?xml version="1.0" encoding="UTF-8"?>
<!-- Generated by org.testng.reporters.JUnitReportReporter -->
<testsuite hostname="DESKTOP-TF154N8" failures="0" tests="8" name="api.TestCases.DDTests" time="16.385" errors="0" timestamp="2026-04-18T23:05:50 IST" skipped="0">
  <testcase classname="api.TestCases.DDTests" name="testPostUser" time="1.781"/>
  <testcase classname="api.TestCases.DDTests" name="testPostUser" time="4.000"/>
  <testcase classname="api.TestCases.DDTests" name="testPostUser" time="1.879"/>
  <testcase classname="api.TestCases.DDTests" name="testPostUser" time="1.699"/>
  <testcase classname="api.TestCases.DDTests" name="testDeleteUserByName" time="1.768"/>
  <testcase classname="api.TestCases.DDTests" name="testDeleteUserByName" time="1.680"/>
  <testcase classname="api.TestCases.DDTests" name="testDeleteUserByName" time="1.900"/>
  <testcase classname="api.TestCases.DDTests" name="testDeleteUserByName" time="1.678"/>
</testsuite> <!-- api.TestCases.DDTests -->
