<?xml version="1.0" encoding="UTF-8"?>
<!-- Generated by org.testng.reporters.JUnitReportReporter -->
<testsuite hostname="DESKTOP-TF154N8" failures="0" tests="4" name="api.TestCases.UserTestCase2" time="11.961" errors="0" timestamp="2026-04-19T13:47:59 IST" skipped="0">
  <testcase classname="api.TestCases.UserTestCase2" name="testCreateUser" time="4.285"/>
  <testcase classname="api.TestCases.UserTestCase2" name="testGetUser" time="1.933"/>
  <testcase classname="api.TestCases.UserTestCase2" name="testPutUser" time="3.892"/>
  <testcase classname="api.TestCases.UserTestCase2" name="testDeleteUser" time="1.851"/>
</testsuite> <!-- api.TestCases.UserTestCase2 -->
