<?xml version="1.0" encoding="UTF-8"?>
<!-- Generated by org.testng.reporters.JUnitXMLReporter -->
<testsuite ignored="0" hostname="DESKTOP-TF154N8" failures="0" tests="4" name="Default test" time="12.021" errors="0" timestamp="2026-04-19T13:47:33 IST">
  <testcase classname="api.TestCases.UserTestCase2" name="testCreateUser" time="3.851"/>
  <testcase classname="api.TestCases.UserTestCase2" name="testGetUser" time="1.869"/>
  <testcase classname="api.TestCases.UserTestCase2" name="testPutUser" time="3.704"/>
  <testcase classname="api.TestCases.UserTestCase2" name="testDeleteUser" time="1.856"/>
</testsuite> <!-- Default test -->
