<?xml version="1.0" encoding="UTF-8"?>
<testng-results ignored="0" total="1" passed="1" failed="0" skipped="0">
  <reporter-output>
  </reporter-output>
  <suite started-at="2026-04-11T18:51:02 IST" name="Default suite" finished-at="2026-04-11T18:51:16 IST" duration-ms="13446">
    <groups>
    </groups>
    <test started-at="2026-04-11T18:51:02 IST" name="Default test" finished-at="2026-04-11T18:51:16 IST" duration-ms="13446">
      <class name="TestCases.TC002_LoginPageTest">
        <test-method is-config="true" signature="Browsersetup()[pri:0, instance:TestCases.TC002_LoginPageTest@233795b6]" started-at="2026-04-11T18:51:02 IST" name="Browsersetup" finished-at="2026-04-11T18:51:06 IST" duration-ms="4133" status="PASS">
          <reporter-output>
          </reporter-output>
        </test-method> <!-- Browsersetup -->
        <test-method signature="VerifyLogin()[pri:0, instance:TestCases.TC002_LoginPageTest@233795b6]" started-at="2026-04-11T18:51:06 IST" name="VerifyLogin" finished-at="2026-04-11T18:51:13 IST" duration-ms="6896" status="PASS">
          <reporter-output>
          </reporter-output>
        </test-method> <!-- VerifyLogin -->
        <test-method is-config="true" signature="CloseBrowser()[pri:0, instance:TestCases.TC002_LoginPageTest@233795b6]" started-at="2026-04-11T18:51:13 IST" name="CloseBrowser" finished-at="2026-04-11T18:51:16 IST" duration-ms="2356" status="PASS">
          <reporter-output>
          </reporter-output>
        </test-method> <!-- CloseBrowser -->
      </class> <!-- TestCases.TC002_LoginPageTest -->
    </test> <!-- Default test -->
  </suite> <!-- Default suite -->
</testng-results>
